生成启动时间为 2018/7/23 12:54:35。
     1>项目“D:\Capture\Capture\Capture.vcxproj”在节点 2 上(Rebuild 个目标)。
     1>ClCompile:
         C:\Program Files (x86)\Microsoft Visual Studio 12.0\VC\bin\CL.exe /c /ZI /nologo /W3 /WX- /sdl- /Od /Oy- /D WIN32 /D _DEBUG /D _CONSOLE /D _LIB /D _UNICODE /D UNICODE /Gm /EHsc /RTC1 /MDd /GS /fp:precise /Zc:wchar_t /Zc:forScope /Yc"stdafx.h" /Fp"Debug\Capture.pch" /Fo"Debug\\" /Fd"Debug\vc120.pdb" /Gd /TP /analyze- /errorReport:prompt stdafx.cpp
         stdafx.cpp
         C:\Program Files (x86)\Microsoft Visual Studio 12.0\VC\bin\CL.exe /c /ZI /nologo /W3 /WX- /sdl- /Od /Oy- /D WIN32 /D _DEBUG /D _CONSOLE /D _LIB /D _UNICODE /D UNICODE /Gm /EHsc /RTC1 /MDd /GS /fp:precise /Zc:wchar_t /Zc:forScope /Yu"stdafx.h" /Fp"Debug\Capture.pch" /Fo"Debug\\" /Fd"Debug\vc120.pdb" /Gd /TP /analyze- /errorReport:prompt AudioCap\audiocap.cpp AudioCap\AudioCapT.cpp Capture.cpp ScreenCap\ScreenCap.cpp ScreenCap\ScreenCapture.cpp
         ScreenCapture.cpp
         ScreenCap.cpp
         Capture.cpp
     1>d:\capture\ffmpeg\x86\include\libavutil\rational.h : warning C4819: 该文件包含不能在当前代码页(936)中表示的字符。请将该文件保存为 Unicode 格式以防止数据丢失
     1>d:\capture\capture\capture.cpp(77): warning C4101: “i”: 未引用的局部变量
     1>d:\capture\capture\capture.cpp(196): warning C4244: “初始化”: 从“int64_t”转换到“int”，可能丢失数据
     1>d:\capture\capture\capture.cpp(299): warning C4996: 'avcodec_encode_audio2': 被声明为已否决
                 d:\capture\ffmpeg\x86\include\libavcodec\avcodec.h(5348) : 参见“avcodec_encode_audio2”的声明
     1>d:\capture\capture\capture.cpp(291): warning C4101: “dst_nb_samples”: 未引用的局部变量
     1>d:\capture\capture\capture.cpp(425): warning C4996: 'avcodec_encode_video2': 被声明为已否决
                 d:\capture\ffmpeg\x86\include\libavcodec\avcodec.h(5387) : 参见“avcodec_encode_video2”的声明
     1>d:\capture\capture\capture.cpp(478): warning C4101: “i”: 未引用的局部变量
         AudioCapT.cpp
     1>d:\capture\capture\audiocap\audiocapt.cpp(253): warning C4244: “=”: 从“double”转换到“REFERENCE_TIME”，可能丢失数据
     1>d:\capture\capture\audiocap\audiocapt.cpp(277): warning C4244: “参数”: 从“REFERENCE_TIME”转换到“DWORD”，可能丢失数据
     1>d:\capture\capture\audiocap\audiocapt.cpp(269): warning C4101: “dwWaitResult”: 未引用的局部变量
         audiocap.cpp
         正在生成代码...
       Link:
         C:\Program Files (x86)\Microsoft Visual Studio 12.0\VC\bin\link.exe /ERRORREPORT:PROMPT /OUT:"D:\Capture\Debug\Capture.exe" /INCREMENTAL /NOLOGO kernel32.lib user32.lib gdi32.lib winspool.lib comdlg32.lib advapi32.lib shell32.lib ole32.lib oleaut32.lib uuid.lib odbc32.lib odbccp32.lib /MANIFEST /MANIFESTUAC:"level='asInvoker' uiAccess='false'" /manifest:embed /DEBUG /PDB:"D:\Capture\Debug\Capture.pdb" /SUBSYSTEM:CONSOLE /TLBID:1 /DYNAMICBASE /NXCOMPAT /IMPLIB:"D:\Capture\Debug\Capture.lib" /MACHINE:X86 Debug\audiocap.obj
         Debug\AudioCapT.obj
         Debug\Capture.obj
         Debug\ScreenCap.obj
         Debug\ScreenCapture.obj
         Debug\stdafx.obj
         Capture.vcxproj -> D:\Capture\Debug\Capture.exe
     1>已完成生成项目“D:\Capture\Capture\Capture.vcxproj”(Rebuild 个目标)的操作。

生成成功。

已用时间 00:00:04.91
